        -:    0:Source:/home/stefy0-0/CLionProjects/OOP/cofetarie/main.c
        -:    0:Graph:/home/stefy0-0/CLionProjects/OOP/cofetarie/cmake-build-debug-coverage/CMakeFiles/cofetarie.dir/main.c.gcno
        -:    0:Data:/home/stefy0-0/CLionProjects/OOP/cofetarie/cmake-build-debug-coverage/CMakeFiles/cofetarie.dir/main.c.gcda
        -:    0:Runs:1
        -:    1:#include "test.h"
        -:    2:#include "ui.h"
function main called 1 returned 100% blocks executed 100%
        1:    3:int main() {
        1:    4:    testAll();
        1:    4-block  0
call    0 returned 1
        -:    5:    ui UI;
        1:    6:    UI.service = new_service();
call    0 returned 1
        1:    7:    runUI(&UI);
call    0 returned 1
        1:    8:    destroy_service(UI.service);
call    0 returned 1
        1:    9:    return 0;
        -:   10:}
